<?xml version="1.0" encoding="UTF-8"?>
<coverage generated="1745581299991" clover="3.2.0">
  <project timestamp="1745581299991" name="All files">
    <metrics statements="318" coveredstatements="191" conditionals="140" coveredconditionals="86" methods="60" coveredmethods="39" elements="518" coveredelements="316" complexity="0" loc="318" ncloc="318" packages="1" files="7" classes="7"/>
    <file name="botuser.js" path="/home/jbergner/Desktop/TOP/TOP-Battleship/src/botuser.js">
      <metrics statements="23" coveredstatements="21" conditionals="7" coveredconditionals="5" methods="5" coveredmethods="5"/>
      <line num="1" count="2" type="stmt"/>
      <line num="5" count="3" type="stmt"/>
      <line num="6" count="3" type="stmt"/>
      <line num="10" count="1" type="stmt"/>
      <line num="11" count="1" type="stmt"/>
      <line num="12" count="12" type="stmt"/>
      <line num="13" count="12" type="stmt"/>
      <line num="19" count="12" type="stmt"/>
      <line num="22" count="1" type="stmt"/>
      <line num="26" count="15" type="stmt"/>
      <line num="27" count="15" type="stmt"/>
      <line num="29" count="15" type="stmt"/>
      <line num="33" count="12" type="stmt"/>
      <line num="34" count="12" type="cond" truecount="2" falsecount="0"/>
      <line num="39" count="3" type="stmt"/>
      <line num="40" count="3" type="stmt"/>
      <line num="41" count="3" type="stmt"/>
      <line num="42" count="1" type="cond" truecount="2" falsecount="2"/>
      <line num="43" count="0" type="stmt"/>
      <line num="44" count="0" type="stmt"/>
      <line num="49" count="3" type="stmt"/>
      <line num="50" count="3" type="stmt"/>
      <line num="54" count="2" type="stmt"/>
    </file>
    <file name="gameState.js" path="/home/jbergner/Desktop/TOP/TOP-Battleship/src/gameState.js">
      <metrics statements="65" coveredstatements="48" conditionals="35" coveredconditionals="18" methods="12" coveredmethods="10"/>
      <line num="1" count="1" type="stmt"/>
      <line num="2" count="1" type="stmt"/>
      <line num="3" count="1" type="stmt"/>
      <line num="6" count="10" type="stmt"/>
      <line num="13" count="10" type="stmt"/>
      <line num="17" count="10" type="stmt"/>
      <line num="18" count="10" type="cond" truecount="1" falsecount="1"/>
      <line num="19" count="0" type="stmt"/>
      <line num="21" count="10" type="stmt"/>
      <line num="24" count="10" type="stmt"/>
      <line num="26" count="10" type="stmt"/>
      <line num="28" count="10" type="stmt"/>
      <line num="31" count="10" type="stmt"/>
      <line num="35" count="6" type="cond" truecount="2" falsecount="0"/>
      <line num="38" count="6" type="cond" truecount="1" falsecount="1"/>
      <line num="39" count="0" type="cond" truecount="0" falsecount="2"/>
      <line num="40" count="0" type="stmt"/>
      <line num="41" count="0" type="stmt"/>
      <line num="43" count="0" type="cond" truecount="0" falsecount="2"/>
      <line num="44" count="0" type="stmt"/>
      <line num="47" count="6" type="cond" truecount="1" falsecount="1"/>
      <line num="48" count="6" type="stmt"/>
      <line num="49" count="6" type="stmt"/>
      <line num="50" count="30" type="cond" truecount="2" falsecount="0"/>
      <line num="51" count="26" type="stmt"/>
      <line num="58" count="5" type="stmt"/>
      <line num="62" count="7" type="cond" truecount="2" falsecount="0"/>
      <line num="66" count="1" type="cond" truecount="1" falsecount="1"/>
      <line num="70" count="0" type="cond" truecount="0" falsecount="2"/>
      <line num="74" count="1" type="stmt"/>
      <line num="78" count="0" type="stmt"/>
      <line num="82" count="0" type="stmt"/>
      <line num="86" count="0" type="stmt"/>
      <line num="87" count="0" type="cond" truecount="0" falsecount="2"/>
      <line num="88" count="0" type="stmt"/>
      <line num="90" count="0" type="cond" truecount="0" falsecount="2"/>
      <line num="91" count="0" type="stmt"/>
      <line num="93" count="0" type="stmt"/>
      <line num="98" count="2" type="cond" truecount="1" falsecount="1"/>
      <line num="99" count="2" type="stmt"/>
      <line num="100" count="2" type="stmt"/>
      <line num="103" count="2" type="stmt"/>
      <line num="104" count="10" type="stmt"/>
      <line num="106" count="2" type="stmt"/>
      <line num="108" count="2" type="stmt"/>
      <line num="109" count="10" type="stmt"/>
      <line num="112" count="2" type="stmt"/>
      <line num="114" count="0" type="stmt"/>
      <line num="120" count="2" type="stmt"/>
      <line num="121" count="3" type="cond" truecount="2" falsecount="0"/>
      <line num="122" count="1" type="stmt"/>
      <line num="127" count="1" type="cond" truecount="1" falsecount="1"/>
      <line num="128" count="0" type="stmt"/>
      <line num="130" count="1" type="stmt"/>
      <line num="134" count="2" type="stmt"/>
      <line num="138" count="5" type="stmt"/>
      <line num="139" count="5" type="stmt"/>
      <line num="141" count="5" type="cond" truecount="1" falsecount="1"/>
      <line num="142" count="5" type="cond" truecount="2" falsecount="0"/>
      <line num="143" count="1" type="stmt"/>
      <line num="144" count="1" type="stmt"/>
      <line num="146" count="4" type="stmt"/>
      <line num="149" count="4" type="stmt"/>
      <line num="152" count="10" type="stmt"/>
      <line num="167" count="1" type="stmt"/>
    </file>
    <file name="gameboard.js" path="/home/jbergner/Desktop/TOP/TOP-Battleship/src/gameboard.js">
      <metrics statements="95" coveredstatements="87" conditionals="66" coveredconditionals="59" methods="13" coveredmethods="13"/>
      <line num="1" count="4" type="stmt"/>
      <line num="2" count="4" type="stmt"/>
      <line num="5" count="36" type="stmt"/>
      <line num="6" count="36" type="stmt"/>
      <line num="7" count="36" type="stmt"/>
      <line num="15" count="36" type="stmt"/>
      <line num="23" count="360" type="stmt"/>
      <line num="24" count="36" type="stmt"/>
      <line num="27" count="38" type="stmt"/>
      <line num="28" count="127" type="cond" truecount="2" falsecount="0"/>
      <line num="29" count="38" type="stmt"/>
      <line num="35" count="53" type="cond" truecount="4" falsecount="0"/>
      <line num="36" count="1" type="stmt"/>
      <line num="38" count="52" type="cond" truecount="1" falsecount="1"/>
      <line num="39" count="0" type="stmt"/>
      <line num="42" count="52" type="cond" truecount="2" falsecount="0"/>
      <line num="43" count="10" type="stmt"/>
      <line num="48" count="42" type="stmt"/>
      <line num="49" count="42" type="stmt"/>
      <line num="51" count="42" type="cond" truecount="4" falsecount="0"/>
      <line num="52" count="8" type="stmt"/>
      <line num="55" count="42" type="cond" truecount="2" falsecount="0"/>
      <line num="56" count="1" type="stmt"/>
      <line num="59" count="41" type="stmt"/>
      <line num="60" count="134" type="cond" truecount="2" falsecount="0"/>
      <line num="61" count="103" type="stmt"/>
      <line num="63" count="31" type="stmt"/>
      <line num="67" count="41" type="stmt"/>
      <line num="71" count="19" type="stmt"/>
      <line num="72" count="72" type="cond" truecount="2" falsecount="0"/>
      <line num="73" count="15" type="stmt"/>
      <line num="77" count="4" type="stmt"/>
      <line num="81" count="52" type="cond" truecount="2" falsecount="0"/>
      <line num="82" count="38" type="cond" truecount="2" falsecount="0"/>
      <line num="83" count="2" type="cond" truecount="1" falsecount="1"/>
      <line num="84" count="0" type="stmt"/>
      <line num="87" count="2" type="stmt"/>
      <line num="89" count="36" type="stmt"/>
      <line num="90" count="110" type="cond" truecount="2" falsecount="0"/>
      <line num="91" count="4" type="cond" truecount="2" falsecount="0"/>
      <line num="92" count="2" type="stmt"/>
      <line num="94" count="4" type="stmt"/>
      <line num="98" count="14" type="cond" truecount="2" falsecount="0"/>
      <line num="99" count="3" type="cond" truecount="2" falsecount="0"/>
      <line num="100" count="1" type="stmt"/>
      <line num="102" count="3" type="stmt"/>
      <line num="104" count="11" type="stmt"/>
      <line num="105" count="32" type="cond" truecount="2" falsecount="0"/>
      <line num="106" count="1" type="cond" truecount="1" falsecount="1"/>
      <line num="107" count="0" type="stmt"/>
      <line num="109" count="1" type="stmt"/>
      <line num="112" count="42" type="cond" truecount="3" falsecount="1"/>
      <line num="113" count="0" type="cond" truecount="0" falsecount="2"/>
      <line num="114" count="0" type="stmt"/>
      <line num="116" count="0" type="stmt"/>
      <line num="119" count="42" type="stmt"/>
      <line num="123" count="142" type="stmt"/>
      <line num="128" count="142" type="stmt"/>
      <line num="129" count="1258" type="stmt"/>
      <line num="130" count="1258" type="stmt"/>
      <line num="131" count="1258" type="cond" truecount="6" falsecount="0"/>
      <line num="132" count="1143" type="cond" truecount="2" falsecount="0"/>
      <line num="133" count="5" type="stmt"/>
      <line num="139" count="137" type="stmt"/>
      <line num="143" count="134" type="stmt"/>
      <line num="147" count="42" type="cond" truecount="2" falsecount="0"/>
      <line num="148" count="41" type="stmt"/>
      <line num="150" count="41" type="stmt"/>
      <line num="152" count="1" type="stmt"/>
      <line num="156" count="10" type="stmt"/>
      <line num="157" count="10" type="stmt"/>
      <line num="159" count="10" type="stmt"/>
      <line num="160" count="10" type="cond" truecount="2" falsecount="0"/>
      <line num="161" count="1" type="stmt"/>
      <line num="162" count="1" type="stmt"/>
      <line num="164" count="9" type="cond" truecount="1" falsecount="1"/>
      <line num="165" count="9" type="stmt"/>
      <line num="166" count="9" type="stmt"/>
      <line num="167" count="9" type="stmt"/>
      <line num="168" count="9" type="cond" truecount="2" falsecount="0"/>
      <line num="169" count="2" type="stmt"/>
      <line num="172" count="0" type="stmt"/>
      <line num="173" count="0" type="stmt"/>
      <line num="176" count="9" type="stmt"/>
      <line num="180" count="7" type="stmt"/>
      <line num="181" count="20" type="stmt"/>
      <line num="183" count="20" type="cond" truecount="2" falsecount="0"/>
      <line num="184" count="13" type="stmt"/>
      <line num="186" count="7" type="cond" truecount="2" falsecount="0"/>
      <line num="187" count="5" type="stmt"/>
      <line num="191" count="2" type="stmt"/>
      <line num="195" count="1" type="stmt"/>
      <line num="199" count="6" type="stmt"/>
      <line num="203" count="36" type="stmt"/>
      <line num="214" count="4" type="stmt"/>
    </file>
    <file name="htmlHandler.js" path="/home/jbergner/Desktop/TOP/TOP-Battleship/src/htmlHandler.js">
      <metrics statements="112" coveredstatements="18" conditionals="28" coveredconditionals="0" methods="17" coveredmethods="3"/>
      <line num="2" count="47" type="stmt"/>
      <line num="3" count="47" type="stmt"/>
      <line num="6" count="1" type="stmt"/>
      <line num="7" count="1" type="stmt"/>
      <line num="8" count="1" type="stmt"/>
      <line num="9" count="10" type="stmt"/>
      <line num="10" count="10" type="stmt"/>
      <line num="11" count="10" type="stmt"/>
      <line num="12" count="100" type="stmt"/>
      <line num="13" count="100" type="stmt"/>
      <line num="14" count="100" type="stmt"/>
      <line num="16" count="100" type="stmt"/>
      <line num="18" count="10" type="stmt"/>
      <line num="21" count="1" type="stmt"/>
      <line num="25" count="0" type="stmt"/>
      <line num="26" count="0" type="stmt"/>
      <line num="27" count="0" type="stmt"/>
      <line num="28" count="0" type="stmt"/>
      <line num="31" count="0" type="cond" truecount="0" falsecount="2"/>
      <line num="32" count="0" type="stmt"/>
      <line num="37" count="0" type="stmt"/>
      <line num="38" count="0" type="stmt"/>
      <line num="42" count="0" type="stmt"/>
      <line num="43" count="0" type="stmt"/>
      <line num="44" count="0" type="cond" truecount="0" falsecount="2"/>
      <line num="45" count="0" type="stmt"/>
      <line num="46" count="0" type="stmt"/>
      <line num="47" count="0" type="stmt"/>
      <line num="48" count="0" type="stmt"/>
      <line num="49" count="0" type="stmt"/>
      <line num="50" count="0" type="cond" truecount="0" falsecount="2"/>
      <line num="51" count="0" type="stmt"/>
      <line num="52" count="0" type="stmt"/>
      <line num="53" count="0" type="cond" truecount="0" falsecount="2"/>
      <line num="54" count="0" type="stmt"/>
      <line num="55" count="0" type="cond" truecount="0" falsecount="2"/>
      <line num="56" count="0" type="stmt"/>
      <line num="65" count="0" type="stmt"/>
      <line num="66" count="0" type="stmt"/>
      <line num="67" count="0" type="stmt"/>
      <line num="68" count="0" type="stmt"/>
      <line num="69" count="0" type="stmt"/>
      <line num="70" count="0" type="stmt"/>
      <line num="71" count="0" type="cond" truecount="0" falsecount="2"/>
      <line num="72" count="0" type="stmt"/>
      <line num="73" count="0" type="stmt"/>
      <line num="74" count="0" type="cond" truecount="0" falsecount="2"/>
      <line num="75" count="0" type="stmt"/>
      <line num="76" count="0" type="cond" truecount="0" falsecount="2"/>
      <line num="77" count="0" type="stmt"/>
      <line num="84" count="0" type="stmt"/>
      <line num="85" count="0" type="stmt"/>
      <line num="86" count="0" type="stmt"/>
      <line num="87" count="0" type="stmt"/>
      <line num="88" count="0" type="stmt"/>
      <line num="90" count="0" type="cond" truecount="0" falsecount="2"/>
      <line num="91" count="0" type="stmt"/>
      <line num="93" count="0" type="cond" truecount="0" falsecount="2"/>
      <line num="94" count="0" type="stmt"/>
      <line num="102" count="0" type="stmt"/>
      <line num="103" count="0" type="stmt"/>
      <line num="104" count="0" type="stmt"/>
      <line num="105" count="0" type="stmt"/>
      <line num="106" count="0" type="stmt"/>
      <line num="107" count="0" type="stmt"/>
      <line num="108" count="0" type="cond" truecount="0" falsecount="2"/>
      <line num="109" count="0" type="stmt"/>
      <line num="113" count="0" type="stmt"/>
      <line num="114" count="0" type="stmt"/>
      <line num="118" count="0" type="stmt"/>
      <line num="119" count="0" type="stmt"/>
      <line num="120" count="0" type="stmt"/>
      <line num="121" count="0" type="stmt"/>
      <line num="123" count="0" type="cond" truecount="0" falsecount="2"/>
      <line num="124" count="0" type="stmt"/>
      <line num="128" count="0" type="stmt"/>
      <line num="129" count="0" type="stmt"/>
      <line num="130" count="0" type="stmt"/>
      <line num="131" count="0" type="stmt"/>
      <line num="132" count="0" type="stmt"/>
      <line num="133" count="0" type="stmt"/>
      <line num="134" count="0" type="cond" truecount="0" falsecount="2"/>
      <line num="135" count="0" type="stmt"/>
      <line num="138" count="0" type="stmt"/>
      <line num="139" count="0" type="stmt"/>
      <line num="140" count="0" type="stmt"/>
      <line num="141" count="0" type="stmt"/>
      <line num="142" count="0" type="stmt"/>
      <line num="143" count="0" type="stmt"/>
      <line num="144" count="0" type="stmt"/>
      <line num="145" count="0" type="stmt"/>
      <line num="146" count="0" type="cond" truecount="0" falsecount="2"/>
      <line num="147" count="0" type="stmt"/>
      <line num="149" count="0" type="stmt"/>
      <line num="151" count="0" type="stmt"/>
      <line num="152" count="0" type="stmt"/>
      <line num="157" count="0" type="stmt"/>
      <line num="158" count="0" type="stmt"/>
      <line num="159" count="0" type="stmt"/>
      <line num="160" count="0" type="stmt"/>
      <line num="165" count="0" type="stmt"/>
      <line num="166" count="0" type="stmt"/>
      <line num="170" count="0" type="stmt"/>
      <line num="171" count="0" type="stmt"/>
      <line num="175" count="41" type="stmt"/>
      <line num="176" count="41" type="stmt"/>
      <line num="179" count="0" type="stmt"/>
      <line num="180" count="0" type="stmt"/>
      <line num="184" count="0" type="stmt"/>
      <line num="185" count="0" type="stmt"/>
      <line num="188" count="47" type="stmt"/>
      <line num="206" count="5" type="stmt"/>
    </file>
    <file name="infoLogger.js" path="/home/jbergner/Desktop/TOP/TOP-Battleship/src/infoLogger.js">
      <metrics statements="10" coveredstatements="5" conditionals="0" coveredconditionals="0" methods="6" coveredmethods="2"/>
      <line num="1" count="4" type="stmt"/>
      <line num="4" count="46" type="stmt"/>
      <line num="7" count="0" type="stmt"/>
      <line num="11" count="41" type="stmt"/>
      <line num="15" count="0" type="stmt"/>
      <line num="19" count="0" type="stmt"/>
      <line num="23" count="0" type="stmt"/>
      <line num="24" count="0" type="stmt"/>
      <line num="27" count="46" type="stmt"/>
      <line num="36" count="4" type="stmt"/>
    </file>
    <file name="player.js" path="/home/jbergner/Desktop/TOP/TOP-Battleship/src/player.js">
      <metrics statements="7" coveredstatements="7" conditionals="1" coveredconditionals="1" methods="3" coveredmethods="3"/>
      <line num="1" count="3" type="stmt"/>
      <line num="5" count="26" type="stmt"/>
      <line num="6" count="26" type="stmt"/>
      <line num="7" count="26" type="stmt"/>
      <line num="11" count="7" type="stmt"/>
      <line num="15" count="1" type="stmt"/>
      <line num="19" count="3" type="stmt"/>
    </file>
    <file name="ship.js" path="/home/jbergner/Desktop/TOP/TOP-Battleship/src/ship.js">
      <metrics statements="6" coveredstatements="5" conditionals="3" coveredconditionals="3" methods="4" coveredmethods="3"/>
      <line num="3" count="44" type="stmt"/>
      <line num="4" count="44" type="stmt"/>
      <line num="8" count="12" type="stmt"/>
      <line num="12" count="18" type="cond" truecount="2" falsecount="0"/>
      <line num="16" count="0" type="stmt"/>
      <line num="20" count="5" type="stmt"/>
    </file>
  </project>
</coverage>
