<?xml version="1.0" encoding="UTF-8"?>
<coverage generated="1746093273793" clover="3.2.0">
  <project timestamp="1746093273793" name="All files">
    <metrics statements="357" coveredstatements="215" conditionals="175" coveredconditionals="103" methods="64" coveredmethods="41" elements="596" coveredelements="359" complexity="0" loc="357" ncloc="357" packages="1" files="7" classes="7"/>
    <file name="botuser.js" path="/home/jbergner/Desktop/TOP/TOP-Battleship/src/botuser.js">
      <metrics statements="52" coveredstatements="44" conditionals="36" coveredconditionals="20" methods="7" coveredmethods="7"/>
      <line num="1" count="2" type="stmt"/>
      <line num="5" count="5" type="stmt"/>
      <line num="6" count="5" type="stmt"/>
      <line num="10" count="1" type="stmt"/>
      <line num="11" count="1" type="stmt"/>
      <line num="12" count="29" type="stmt"/>
      <line num="13" count="29" type="stmt"/>
      <line num="19" count="29" type="stmt"/>
      <line num="22" count="1" type="stmt"/>
      <line num="26" count="32" type="stmt"/>
      <line num="27" count="32" type="stmt"/>
      <line num="29" count="32" type="stmt"/>
      <line num="33" count="3" type="cond" truecount="2" falsecount="0"/>
      <line num="34" count="2" type="stmt"/>
      <line num="35" count="2" type="stmt"/>
      <line num="36" count="2" type="cond" truecount="1" falsecount="1"/>
      <line num="37" count="2" type="cond" truecount="1" falsecount="1"/>
      <line num="38" count="2" type="cond" truecount="1" falsecount="1"/>
      <line num="39" count="2" type="cond" truecount="1" falsecount="1"/>
      <line num="41" count="2" type="stmt"/>
      <line num="43" count="1" type="stmt"/>
      <line num="44" count="1" type="stmt"/>
      <line num="49" count="1" type="stmt"/>
      <line num="50" count="1" type="stmt"/>
      <line num="51" count="1" type="stmt"/>
      <line num="52" count="1" type="stmt"/>
      <line num="55" count="1" type="cond" truecount="1" falsecount="1"/>
      <line num="56" count="1" type="cond" truecount="1" falsecount="1"/>
      <line num="57" count="1" type="stmt"/>
      <line num="58" count="1" type="stmt"/>
      <line num="59" count="1" type="cond" truecount="4" falsecount="1"/>
      <line num="60" count="0" type="stmt"/>
      <line num="62" count="1" type="stmt"/>
      <line num="64" count="0" type="cond" truecount="0" falsecount="2"/>
      <line num="65" count="0" type="stmt"/>
      <line num="66" count="0" type="cond" truecount="0" falsecount="5"/>
      <line num="67" count="0" type="stmt"/>
      <line num="69" count="0" type="stmt"/>
      <line num="72" count="1" type="stmt"/>
      <line num="77" count="29" type="stmt"/>
      <line num="78" count="29" type="cond" truecount="2" falsecount="0"/>
      <line num="83" count="6" type="stmt"/>
      <line num="84" count="6" type="cond" truecount="2" falsecount="0"/>
      <line num="85" count="3" type="stmt"/>
      <line num="87" count="3" type="stmt"/>
      <line num="89" count="6" type="stmt"/>
      <line num="90" count="2" type="cond" truecount="2" falsecount="2"/>
      <line num="91" count="0" type="stmt"/>
      <line num="92" count="0" type="stmt"/>
      <line num="97" count="6" type="stmt"/>
      <line num="98" count="6" type="stmt"/>
      <line num="102" count="2" type="stmt"/>
    </file>
    <file name="gameState.js" path="/home/jbergner/Desktop/TOP/TOP-Battleship/src/gameState.js">
      <metrics statements="72" coveredstatements="49" conditionals="39" coveredconditionals="18" methods="12" coveredmethods="10"/>
      <line num="1" count="1" type="stmt"/>
      <line num="2" count="1" type="stmt"/>
      <line num="3" count="1" type="stmt"/>
      <line num="6" count="10" type="stmt"/>
      <line num="13" count="10" type="stmt"/>
      <line num="17" count="10" type="stmt"/>
      <line num="20" count="10" type="stmt"/>
      <line num="21" count="10" type="cond" truecount="1" falsecount="1"/>
      <line num="22" count="0" type="stmt"/>
      <line num="24" count="10" type="stmt"/>
      <line num="27" count="10" type="stmt"/>
      <line num="29" count="10" type="stmt"/>
      <line num="31" count="10" type="stmt"/>
      <line num="34" count="10" type="stmt"/>
      <line num="38" count="6" type="cond" truecount="2" falsecount="0"/>
      <line num="41" count="6" type="cond" truecount="1" falsecount="1"/>
      <line num="42" count="0" type="cond" truecount="0" falsecount="2"/>
      <line num="43" count="0" type="stmt"/>
      <line num="44" count="0" type="stmt"/>
      <line num="46" count="0" type="cond" truecount="0" falsecount="2"/>
      <line num="47" count="0" type="stmt"/>
      <line num="48" count="0" type="stmt"/>
      <line num="49" count="0" type="stmt"/>
      <line num="50" count="0" type="cond" truecount="0" falsecount="2"/>
      <line num="51" count="0" type="stmt"/>
      <line num="52" count="0" type="cond" truecount="0" falsecount="2"/>
      <line num="53" count="0" type="stmt"/>
      <line num="57" count="6" type="cond" truecount="1" falsecount="1"/>
      <line num="58" count="6" type="stmt"/>
      <line num="59" count="6" type="stmt"/>
      <line num="60" count="30" type="cond" truecount="2" falsecount="0"/>
      <line num="61" count="26" type="stmt"/>
      <line num="68" count="5" type="stmt"/>
      <line num="72" count="7" type="cond" truecount="2" falsecount="0"/>
      <line num="76" count="1" type="cond" truecount="1" falsecount="1"/>
      <line num="80" count="0" type="cond" truecount="0" falsecount="2"/>
      <line num="84" count="1" type="stmt"/>
      <line num="88" count="0" type="stmt"/>
      <line num="89" count="0" type="stmt"/>
      <line num="93" count="0" type="stmt"/>
      <line num="94" count="0" type="cond" truecount="0" falsecount="2"/>
      <line num="95" count="0" type="stmt"/>
      <line num="97" count="0" type="cond" truecount="0" falsecount="2"/>
      <line num="98" count="0" type="stmt"/>
      <line num="100" count="0" type="stmt"/>
      <line num="105" count="2" type="cond" truecount="1" falsecount="1"/>
      <line num="106" count="2" type="stmt"/>
      <line num="107" count="2" type="stmt"/>
      <line num="110" count="2" type="stmt"/>
      <line num="111" count="10" type="stmt"/>
      <line num="113" count="2" type="stmt"/>
      <line num="115" count="2" type="stmt"/>
      <line num="116" count="10" type="stmt"/>
      <line num="119" count="2" type="stmt"/>
      <line num="121" count="0" type="stmt"/>
      <line num="127" count="2" type="stmt"/>
      <line num="128" count="3" type="cond" truecount="2" falsecount="0"/>
      <line num="129" count="1" type="stmt"/>
      <line num="134" count="1" type="cond" truecount="1" falsecount="1"/>
      <line num="135" count="0" type="stmt"/>
      <line num="137" count="1" type="stmt"/>
      <line num="141" count="2" type="stmt"/>
      <line num="145" count="5" type="stmt"/>
      <line num="146" count="5" type="stmt"/>
      <line num="148" count="5" type="cond" truecount="1" falsecount="1"/>
      <line num="149" count="5" type="cond" truecount="2" falsecount="0"/>
      <line num="150" count="1" type="stmt"/>
      <line num="151" count="1" type="stmt"/>
      <line num="153" count="4" type="stmt"/>
      <line num="156" count="4" type="stmt"/>
      <line num="159" count="10" type="stmt"/>
      <line num="174" count="1" type="stmt"/>
    </file>
    <file name="gameboard.js" path="/home/jbergner/Desktop/TOP/TOP-Battleship/src/gameboard.js">
      <metrics statements="95" coveredstatements="87" conditionals="68" coveredconditionals="61" methods="13" coveredmethods="13"/>
      <line num="1" count="4" type="stmt"/>
      <line num="2" count="4" type="stmt"/>
      <line num="5" count="38" type="stmt"/>
      <line num="6" count="38" type="stmt"/>
      <line num="7" count="38" type="stmt"/>
      <line num="15" count="38" type="stmt"/>
      <line num="23" count="380" type="stmt"/>
      <line num="24" count="38" type="stmt"/>
      <line num="27" count="55" type="stmt"/>
      <line num="28" count="202" type="cond" truecount="2" falsecount="0"/>
      <line num="29" count="55" type="stmt"/>
      <line num="35" count="70" type="cond" truecount="4" falsecount="0"/>
      <line num="36" count="1" type="stmt"/>
      <line num="38" count="69" type="cond" truecount="1" falsecount="1"/>
      <line num="39" count="0" type="stmt"/>
      <line num="42" count="69" type="cond" truecount="2" falsecount="0"/>
      <line num="43" count="27" type="stmt"/>
      <line num="48" count="42" type="stmt"/>
      <line num="49" count="42" type="stmt"/>
      <line num="51" count="42" type="cond" truecount="4" falsecount="0"/>
      <line num="52" count="8" type="stmt"/>
      <line num="55" count="42" type="cond" truecount="2" falsecount="0"/>
      <line num="56" count="1" type="stmt"/>
      <line num="59" count="41" type="stmt"/>
      <line num="60" count="134" type="cond" truecount="2" falsecount="0"/>
      <line num="61" count="103" type="stmt"/>
      <line num="63" count="31" type="stmt"/>
      <line num="67" count="41" type="stmt"/>
      <line num="71" count="36" type="stmt"/>
      <line num="72" count="147" type="cond" truecount="2" falsecount="0"/>
      <line num="73" count="32" type="stmt"/>
      <line num="77" count="4" type="stmt"/>
      <line num="81" count="69" type="cond" truecount="2" falsecount="0"/>
      <line num="82" count="49" type="cond" truecount="2" falsecount="0"/>
      <line num="83" count="5" type="cond" truecount="1" falsecount="1"/>
      <line num="84" count="0" type="stmt"/>
      <line num="87" count="5" type="stmt"/>
      <line num="89" count="44" type="stmt"/>
      <line num="90" count="119" type="cond" truecount="2" falsecount="0"/>
      <line num="91" count="12" type="cond" truecount="2" falsecount="0"/>
      <line num="92" count="2" type="stmt"/>
      <line num="94" count="12" type="stmt"/>
      <line num="98" count="20" type="cond" truecount="2" falsecount="0"/>
      <line num="99" count="6" type="cond" truecount="2" falsecount="0"/>
      <line num="100" count="1" type="stmt"/>
      <line num="102" count="6" type="stmt"/>
      <line num="104" count="14" type="stmt"/>
      <line num="105" count="38" type="cond" truecount="2" falsecount="0"/>
      <line num="106" count="4" type="cond" truecount="1" falsecount="1"/>
      <line num="107" count="0" type="stmt"/>
      <line num="109" count="4" type="stmt"/>
      <line num="112" count="42" type="cond" truecount="3" falsecount="1"/>
      <line num="113" count="0" type="cond" truecount="0" falsecount="2"/>
      <line num="114" count="0" type="stmt"/>
      <line num="116" count="0" type="stmt"/>
      <line num="119" count="42" type="stmt"/>
      <line num="123" count="157" type="stmt"/>
      <line num="128" count="157" type="stmt"/>
      <line num="129" count="1352" type="stmt"/>
      <line num="130" count="1352" type="stmt"/>
      <line num="131" count="1352" type="cond" truecount="6" falsecount="0"/>
      <line num="132" count="1229" type="cond" truecount="2" falsecount="0"/>
      <line num="133" count="16" type="stmt"/>
      <line num="139" count="141" type="stmt"/>
      <line num="143" count="134" type="stmt"/>
      <line num="147" count="42" type="cond" truecount="2" falsecount="0"/>
      <line num="148" count="41" type="stmt"/>
      <line num="150" count="41" type="stmt"/>
      <line num="152" count="1" type="stmt"/>
      <line num="156" count="10" type="stmt"/>
      <line num="157" count="10" type="stmt"/>
      <line num="159" count="10" type="stmt"/>
      <line num="160" count="10" type="cond" truecount="4" falsecount="0"/>
      <line num="161" count="1" type="stmt"/>
      <line num="162" count="1" type="stmt"/>
      <line num="164" count="9" type="cond" truecount="1" falsecount="1"/>
      <line num="165" count="9" type="stmt"/>
      <line num="166" count="9" type="stmt"/>
      <line num="167" count="9" type="stmt"/>
      <line num="168" count="9" type="cond" truecount="2" falsecount="0"/>
      <line num="169" count="2" type="stmt"/>
      <line num="172" count="0" type="stmt"/>
      <line num="173" count="0" type="stmt"/>
      <line num="176" count="9" type="stmt"/>
      <line num="180" count="7" type="stmt"/>
      <line num="181" count="20" type="stmt"/>
      <line num="183" count="20" type="cond" truecount="2" falsecount="0"/>
      <line num="184" count="13" type="stmt"/>
      <line num="186" count="7" type="cond" truecount="2" falsecount="0"/>
      <line num="187" count="5" type="stmt"/>
      <line num="191" count="2" type="stmt"/>
      <line num="195" count="1" type="stmt"/>
      <line num="199" count="6" type="stmt"/>
      <line num="203" count="38" type="stmt"/>
      <line num="214" count="4" type="stmt"/>
    </file>
    <file name="htmlHandler.js" path="/home/jbergner/Desktop/TOP/TOP-Battleship/src/htmlHandler.js">
      <metrics statements="114" coveredstatements="18" conditionals="28" coveredconditionals="0" methods="18" coveredmethods="3"/>
      <line num="2" count="49" type="stmt"/>
      <line num="3" count="49" type="stmt"/>
      <line num="6" count="1" type="stmt"/>
      <line num="7" count="1" type="stmt"/>
      <line num="8" count="1" type="stmt"/>
      <line num="9" count="10" type="stmt"/>
      <line num="10" count="10" type="stmt"/>
      <line num="11" count="10" type="stmt"/>
      <line num="12" count="100" type="stmt"/>
      <line num="13" count="100" type="stmt"/>
      <line num="14" count="100" type="stmt"/>
      <line num="16" count="100" type="stmt"/>
      <line num="18" count="10" type="stmt"/>
      <line num="21" count="1" type="stmt"/>
      <line num="25" count="0" type="stmt"/>
      <line num="26" count="0" type="stmt"/>
      <line num="27" count="0" type="stmt"/>
      <line num="28" count="0" type="stmt"/>
      <line num="31" count="0" type="cond" truecount="0" falsecount="2"/>
      <line num="32" count="0" type="stmt"/>
      <line num="37" count="0" type="stmt"/>
      <line num="38" count="0" type="stmt"/>
      <line num="42" count="0" type="stmt"/>
      <line num="43" count="0" type="stmt"/>
      <line num="44" count="0" type="cond" truecount="0" falsecount="2"/>
      <line num="45" count="0" type="stmt"/>
      <line num="46" count="0" type="stmt"/>
      <line num="47" count="0" type="stmt"/>
      <line num="48" count="0" type="stmt"/>
      <line num="49" count="0" type="stmt"/>
      <line num="50" count="0" type="cond" truecount="0" falsecount="2"/>
      <line num="51" count="0" type="stmt"/>
      <line num="52" count="0" type="stmt"/>
      <line num="53" count="0" type="cond" truecount="0" falsecount="2"/>
      <line num="54" count="0" type="stmt"/>
      <line num="55" count="0" type="cond" truecount="0" falsecount="2"/>
      <line num="56" count="0" type="stmt"/>
      <line num="65" count="0" type="stmt"/>
      <line num="66" count="0" type="stmt"/>
      <line num="67" count="0" type="stmt"/>
      <line num="68" count="0" type="stmt"/>
      <line num="69" count="0" type="stmt"/>
      <line num="70" count="0" type="stmt"/>
      <line num="71" count="0" type="cond" truecount="0" falsecount="2"/>
      <line num="72" count="0" type="stmt"/>
      <line num="73" count="0" type="stmt"/>
      <line num="74" count="0" type="cond" truecount="0" falsecount="2"/>
      <line num="75" count="0" type="stmt"/>
      <line num="76" count="0" type="cond" truecount="0" falsecount="2"/>
      <line num="77" count="0" type="stmt"/>
      <line num="84" count="0" type="stmt"/>
      <line num="85" count="0" type="stmt"/>
      <line num="86" count="0" type="stmt"/>
      <line num="87" count="0" type="stmt"/>
      <line num="88" count="0" type="stmt"/>
      <line num="90" count="0" type="cond" truecount="0" falsecount="2"/>
      <line num="91" count="0" type="stmt"/>
      <line num="93" count="0" type="cond" truecount="0" falsecount="2"/>
      <line num="94" count="0" type="stmt"/>
      <line num="102" count="0" type="stmt"/>
      <line num="103" count="0" type="stmt"/>
      <line num="104" count="0" type="stmt"/>
      <line num="105" count="0" type="stmt"/>
      <line num="106" count="0" type="stmt"/>
      <line num="107" count="0" type="stmt"/>
      <line num="108" count="0" type="cond" truecount="0" falsecount="2"/>
      <line num="109" count="0" type="stmt"/>
      <line num="113" count="0" type="stmt"/>
      <line num="114" count="0" type="stmt"/>
      <line num="118" count="0" type="stmt"/>
      <line num="119" count="0" type="stmt"/>
      <line num="120" count="0" type="stmt"/>
      <line num="121" count="0" type="stmt"/>
      <line num="123" count="0" type="cond" truecount="0" falsecount="2"/>
      <line num="124" count="0" type="stmt"/>
      <line num="128" count="0" type="stmt"/>
      <line num="129" count="0" type="stmt"/>
      <line num="130" count="0" type="stmt"/>
      <line num="131" count="0" type="stmt"/>
      <line num="132" count="0" type="stmt"/>
      <line num="133" count="0" type="stmt"/>
      <line num="134" count="0" type="cond" truecount="0" falsecount="2"/>
      <line num="135" count="0" type="stmt"/>
      <line num="138" count="0" type="stmt"/>
      <line num="139" count="0" type="stmt"/>
      <line num="140" count="0" type="stmt"/>
      <line num="141" count="0" type="stmt"/>
      <line num="142" count="0" type="stmt"/>
      <line num="143" count="0" type="stmt"/>
      <line num="144" count="0" type="stmt"/>
      <line num="145" count="0" type="stmt"/>
      <line num="146" count="0" type="cond" truecount="0" falsecount="2"/>
      <line num="147" count="0" type="stmt"/>
      <line num="149" count="0" type="stmt"/>
      <line num="151" count="0" type="stmt"/>
      <line num="152" count="0" type="stmt"/>
      <line num="157" count="0" type="stmt"/>
      <line num="158" count="0" type="stmt"/>
      <line num="159" count="0" type="stmt"/>
      <line num="160" count="0" type="stmt"/>
      <line num="165" count="0" type="stmt"/>
      <line num="166" count="0" type="stmt"/>
      <line num="170" count="0" type="stmt"/>
      <line num="171" count="0" type="stmt"/>
      <line num="175" count="41" type="stmt"/>
      <line num="176" count="41" type="stmt"/>
      <line num="180" count="0" type="stmt"/>
      <line num="181" count="0" type="stmt"/>
      <line num="184" count="0" type="stmt"/>
      <line num="185" count="0" type="stmt"/>
      <line num="189" count="0" type="stmt"/>
      <line num="190" count="0" type="stmt"/>
      <line num="193" count="49" type="stmt"/>
      <line num="212" count="5" type="stmt"/>
    </file>
    <file name="infoLogger.js" path="/home/jbergner/Desktop/TOP/TOP-Battleship/src/infoLogger.js">
      <metrics statements="11" coveredstatements="5" conditionals="0" coveredconditionals="0" methods="7" coveredmethods="2"/>
      <line num="1" count="4" type="stmt"/>
      <line num="4" count="48" type="stmt"/>
      <line num="7" count="0" type="stmt"/>
      <line num="11" count="41" type="stmt"/>
      <line num="15" count="0" type="stmt"/>
      <line num="19" count="0" type="stmt"/>
      <line num="23" count="0" type="stmt"/>
      <line num="27" count="0" type="stmt"/>
      <line num="28" count="0" type="stmt"/>
      <line num="31" count="48" type="stmt"/>
      <line num="41" count="4" type="stmt"/>
    </file>
    <file name="player.js" path="/home/jbergner/Desktop/TOP/TOP-Battleship/src/player.js">
      <metrics statements="7" coveredstatements="7" conditionals="1" coveredconditionals="1" methods="3" coveredmethods="3"/>
      <line num="1" count="3" type="stmt"/>
      <line num="5" count="28" type="stmt"/>
      <line num="6" count="28" type="stmt"/>
      <line num="7" count="28" type="stmt"/>
      <line num="11" count="7" type="stmt"/>
      <line num="15" count="1" type="stmt"/>
      <line num="19" count="3" type="stmt"/>
    </file>
    <file name="ship.js" path="/home/jbergner/Desktop/TOP/TOP-Battleship/src/ship.js">
      <metrics statements="6" coveredstatements="5" conditionals="3" coveredconditionals="3" methods="4" coveredmethods="3"/>
      <line num="3" count="44" type="stmt"/>
      <line num="4" count="44" type="stmt"/>
      <line num="8" count="12" type="stmt"/>
      <line num="12" count="18" type="cond" truecount="2" falsecount="0"/>
      <line num="16" count="0" type="stmt"/>
      <line num="20" count="5" type="stmt"/>
    </file>
  </project>
</coverage>
