{"/home/jbergner/Desktop/TOP/TOP-Battleship/src/gameboard.js": {"path":"/home/jbergner/Desktop/TOP/TOP-Battleship/src/gameboard.js","statementMap":{"0":{"start":{"line":1,"column":13},"end":{"line":1,"column":30}},"1":{"start":{"line":4,"column":24},"end":{"line":4,"column":26}},"2":{"start":{"line":5,"column":24},"end":{"line":5,"column":26}},"3":{"start":{"line":6,"column":21},"end":{"line":12,"column":5}},"4":{"start":{"line":14,"column":18},"end":{"line":20,"column":5}},"5":{"start":{"line":22,"column":20},"end":{"line":22,"column":71}},"6":{"start":{"line":26,"column":8},"end":{"line":28,"column":9}},"7":{"start":{"line":27,"column":12},"end":{"line":27,"column":24}},"8":{"start":{"line":30,"column":8},"end":{"line":32,"column":9}},"9":{"start":{"line":31,"column":12},"end":{"line":31,"column":24}},"10":{"start":{"line":36,"column":21},"end":{"line":36,"column":37}},"11":{"start":{"line":37,"column":20},"end":{"line":37,"column":34}},"12":{"start":{"line":39,"column":8},"end":{"line":41,"column":9}},"13":{"start":{"line":40,"column":12},"end":{"line":40,"column":21}},"14":{"start":{"line":43,"column":8},"end":{"line":45,"column":9}},"15":{"start":{"line":44,"column":12},"end":{"line":44,"column":24}},"16":{"start":{"line":47,"column":8},"end":{"line":53,"column":9}},"17":{"start":{"line":47,"column":21},"end":{"line":47,"column":22}},"18":{"start":{"line":48,"column":12},"end":{"line":52,"column":13}},"19":{"start":{"line":49,"column":16},"end":{"line":49,"column":67}},"20":{"start":{"line":51,"column":16},"end":{"line":51,"column":67}},"21":{"start":{"line":55,"column":8},"end":{"line":55,"column":19}},"22":{"start":{"line":59,"column":8},"end":{"line":77,"column":9}},"23":{"start":{"line":60,"column":12},"end":{"line":62,"column":13}},"24":{"start":{"line":61,"column":16},"end":{"line":61,"column":28}},"25":{"start":{"line":63,"column":12},"end":{"line":67,"column":13}},"26":{"start":{"line":63,"column":25},"end":{"line":63,"column":26}},"27":{"start":{"line":64,"column":16},"end":{"line":66,"column":17}},"28":{"start":{"line":65,"column":20},"end":{"line":65,"column":32}},"29":{"start":{"line":69,"column":12},"end":{"line":71,"column":13}},"30":{"start":{"line":70,"column":16},"end":{"line":70,"column":28}},"31":{"start":{"line":72,"column":12},"end":{"line":76,"column":13}},"32":{"start":{"line":72,"column":25},"end":{"line":72,"column":26}},"33":{"start":{"line":73,"column":16},"end":{"line":75,"column":17}},"34":{"start":{"line":74,"column":20},"end":{"line":74,"column":32}},"35":{"start":{"line":77,"column":10},"end":{"line":79,"column":9}},"36":{"start":{"line":78,"column":12},"end":{"line":78,"column":24}},"37":{"start":{"line":81,"column":8},"end":{"line":81,"column":19}},"38":{"start":{"line":85,"column":42},"end":{"line":89,"column":9}},"39":{"start":{"line":90,"column":8},"end":{"line":99,"column":9}},"40":{"start":{"line":91,"column":20},"end":{"line":91,"column":41}},"41":{"start":{"line":92,"column":20},"end":{"line":92,"column":41}},"42":{"start":{"line":93,"column":12},"end":{"line":97,"column":13}},"43":{"start":{"line":94,"column":16},"end":{"line":96,"column":17}},"44":{"start":{"line":95,"column":20},"end":{"line":95,"column":32}},"45":{"start":{"line":101,"column":8},"end":{"line":101,"column":19}},"46":{"start":{"line":105,"column":8},"end":{"line":105,"column":53}},"47":{"start":{"line":109,"column":8},"end":{"line":113,"column":9}},"48":{"start":{"line":110,"column":12},"end":{"line":110,"column":43}},"49":{"start":{"line":112,"column":12},"end":{"line":112,"column":23}},"50":{"start":{"line":114,"column":8},"end":{"line":114,"column":20}},"51":{"start":{"line":118,"column":16},"end":{"line":118,"column":27}},"52":{"start":{"line":119,"column":16},"end":{"line":119,"column":27}},"53":{"start":{"line":121,"column":19},"end":{"line":121,"column":34}},"54":{"start":{"line":122,"column":8},"end":{"line":124,"column":9}},"55":{"start":{"line":123,"column":12},"end":{"line":123,"column":25}},"56":{"start":{"line":125,"column":8},"end":{"line":128,"column":9}},"57":{"start":{"line":126,"column":12},"end":{"line":126,"column":38}},"58":{"start":{"line":127,"column":12},"end":{"line":127,"column":32}},"59":{"start":{"line":130,"column":8},"end":{"line":130,"column":19}},"60":{"start":{"line":134,"column":8},"end":{"line":143,"column":9}},"61":{"start":{"line":135,"column":23},"end":{"line":135,"column":33}},"62":{"start":{"line":137,"column":12},"end":{"line":139,"column":13}},"63":{"start":{"line":138,"column":16},"end":{"line":138,"column":24}},"64":{"start":{"line":140,"column":12},"end":{"line":142,"column":13}},"65":{"start":{"line":141,"column":16},"end":{"line":141,"column":28}},"66":{"start":{"line":145,"column":8},"end":{"line":145,"column":19}},"67":{"start":{"line":149,"column":8},"end":{"line":149,"column":24}},"68":{"start":{"line":152,"column":4},"end":{"line":157,"column":5}},"69":{"start":{"line":160,"column":0},"end":{"line":160,"column":27}}},"fnMap":{"0":{"name":"gameboard","decl":{"start":{"line":3,"column":9},"end":{"line":3,"column":18}},"loc":{"start":{"line":3,"column":21},"end":{"line":158,"column":1}},"line":3},"1":{"name":"placeShip","decl":{"start":{"line":25,"column":13},"end":{"line":25,"column":22}},"loc":{"start":{"line":25,"column":61},"end":{"line":56,"column":5}},"line":25},"2":{"name":"shipPositionValidator","decl":{"start":{"line":58,"column":13},"end":{"line":58,"column":34}},"loc":{"start":{"line":58,"column":65},"end":{"line":82,"column":5}},"line":58},"3":{"name":"checkGameField","decl":{"start":{"line":84,"column":13},"end":{"line":84,"column":27}},"loc":{"start":{"line":84,"column":38},"end":{"line":102,"column":5}},"line":84},"4":{"name":"placeMarker","decl":{"start":{"line":104,"column":13},"end":{"line":104,"column":24}},"loc":{"start":{"line":104,"column":43},"end":{"line":106,"column":5}},"line":104},"5":{"name":"storeShip","decl":{"start":{"line":108,"column":13},"end":{"line":108,"column":22}},"loc":{"start":{"line":108,"column":37},"end":{"line":115,"column":5}},"line":108},"6":{"name":"receiveAttack","decl":{"start":{"line":117,"column":13},"end":{"line":117,"column":26}},"loc":{"start":{"line":117,"column":37},"end":{"line":131,"column":5}},"line":117},"7":{"name":"isOver","decl":{"start":{"line":133,"column":13},"end":{"line":133,"column":19}},"loc":{"start":{"line":133,"column":22},"end":{"line":146,"column":5}},"line":133},"8":{"name":"getGameBoard","decl":{"start":{"line":148,"column":13},"end":{"line":148,"column":25}},"loc":{"start":{"line":148,"column":28},"end":{"line":150,"column":5}},"line":148}},"branchMap":{"0":{"loc":{"start":{"line":25,"column":41},"end":{"line":25,"column":59}},"type":"default-arg","locations":[{"start":{"line":25,"column":54},"end":{"line":25,"column":59}}],"line":25},"1":{"loc":{"start":{"line":26,"column":8},"end":{"line":28,"column":9}},"type":"if","locations":[{"start":{"line":26,"column":8},"end":{"line":28,"column":9}},{"start":{},"end":{}}],"line":26},"2":{"loc":{"start":{"line":26,"column":12},"end":{"line":26,"column":36}},"type":"binary-expr","locations":[{"start":{"line":26,"column":12},"end":{"line":26,"column":22}},{"start":{"line":26,"column":26},"end":{"line":26,"column":36}}],"line":26},"3":{"loc":{"start":{"line":30,"column":8},"end":{"line":32,"column":9}},"type":"if","locations":[{"start":{"line":30,"column":8},"end":{"line":32,"column":9}},{"start":{},"end":{}}],"line":30},"4":{"loc":{"start":{"line":39,"column":8},"end":{"line":41,"column":9}},"type":"if","locations":[{"start":{"line":39,"column":8},"end":{"line":41,"column":9}},{"start":{},"end":{}}],"line":39},"5":{"loc":{"start":{"line":39,"column":12},"end":{"line":39,"column":52}},"type":"binary-expr","locations":[{"start":{"line":39,"column":12},"end":{"line":39,"column":25}},{"start":{"line":39,"column":29},"end":{"line":39,"column":52}}],"line":39},"6":{"loc":{"start":{"line":43,"column":8},"end":{"line":45,"column":9}},"type":"if","locations":[{"start":{"line":43,"column":8},"end":{"line":45,"column":9}},{"start":{},"end":{}}],"line":43},"7":{"loc":{"start":{"line":48,"column":12},"end":{"line":52,"column":13}},"type":"if","locations":[{"start":{"line":48,"column":12},"end":{"line":52,"column":13}},{"start":{"line":50,"column":19},"end":{"line":52,"column":13}}],"line":48},"8":{"loc":{"start":{"line":59,"column":8},"end":{"line":77,"column":9}},"type":"if","locations":[{"start":{"line":59,"column":8},"end":{"line":77,"column":9}},{"start":{"line":68,"column":15},"end":{"line":77,"column":9}}],"line":59},"9":{"loc":{"start":{"line":60,"column":12},"end":{"line":62,"column":13}},"type":"if","locations":[{"start":{"line":60,"column":12},"end":{"line":62,"column":13}},{"start":{},"end":{}}],"line":60},"10":{"loc":{"start":{"line":64,"column":16},"end":{"line":66,"column":17}},"type":"if","locations":[{"start":{"line":64,"column":16},"end":{"line":66,"column":17}},{"start":{},"end":{}}],"line":64},"11":{"loc":{"start":{"line":69,"column":12},"end":{"line":71,"column":13}},"type":"if","locations":[{"start":{"line":69,"column":12},"end":{"line":71,"column":13}},{"start":{},"end":{}}],"line":69},"12":{"loc":{"start":{"line":73,"column":16},"end":{"line":75,"column":17}},"type":"if","locations":[{"start":{"line":73,"column":16},"end":{"line":75,"column":17}},{"start":{},"end":{}}],"line":73},"13":{"loc":{"start":{"line":77,"column":10},"end":{"line":79,"column":9}},"type":"if","locations":[{"start":{"line":77,"column":10},"end":{"line":79,"column":9}},{"start":{},"end":{}}],"line":77},"14":{"loc":{"start":{"line":77,"column":14},"end":{"line":77,"column":70}},"type":"binary-expr","locations":[{"start":{"line":77,"column":14},"end":{"line":77,"column":40}},{"start":{"line":77,"column":44},"end":{"line":77,"column":70}}],"line":77},"15":{"loc":{"start":{"line":93,"column":12},"end":{"line":97,"column":13}},"type":"if","locations":[{"start":{"line":93,"column":12},"end":{"line":97,"column":13}},{"start":{},"end":{}}],"line":93},"16":{"loc":{"start":{"line":93,"column":16},"end":{"line":93,"column":70}},"type":"binary-expr","locations":[{"start":{"line":93,"column":16},"end":{"line":93,"column":22}},{"start":{"line":93,"column":26},"end":{"line":93,"column":41}},{"start":{"line":93,"column":45},"end":{"line":93,"column":51}},{"start":{"line":93,"column":55},"end":{"line":93,"column":70}}],"line":93},"17":{"loc":{"start":{"line":94,"column":16},"end":{"line":96,"column":17}},"type":"if","locations":[{"start":{"line":94,"column":16},"end":{"line":96,"column":17}},{"start":{},"end":{}}],"line":94},"18":{"loc":{"start":{"line":109,"column":8},"end":{"line":113,"column":9}},"type":"if","locations":[{"start":{"line":109,"column":8},"end":{"line":113,"column":9}},{"start":{},"end":{}}],"line":109},"19":{"loc":{"start":{"line":122,"column":8},"end":{"line":124,"column":9}},"type":"if","locations":[{"start":{"line":122,"column":8},"end":{"line":124,"column":9}},{"start":{},"end":{}}],"line":122},"20":{"loc":{"start":{"line":125,"column":8},"end":{"line":128,"column":9}},"type":"if","locations":[{"start":{"line":125,"column":8},"end":{"line":128,"column":9}},{"start":{},"end":{}}],"line":125},"21":{"loc":{"start":{"line":137,"column":12},"end":{"line":139,"column":13}},"type":"if","locations":[{"start":{"line":137,"column":12},"end":{"line":139,"column":13}},{"start":{},"end":{}}],"line":137},"22":{"loc":{"start":{"line":140,"column":12},"end":{"line":142,"column":13}},"type":"if","locations":[{"start":{"line":140,"column":12},"end":{"line":142,"column":13}},{"start":{},"end":{}}],"line":140}},"s":{"0":2,"1":10,"2":10,"3":10,"4":10,"5":10,"6":12,"7":1,"8":11,"9":3,"10":8,"11":8,"12":8,"13":2,"14":8,"15":1,"16":7,"17":7,"18":21,"19":21,"20":0,"21":7,"22":11,"23":10,"24":0,"25":10,"26":10,"27":26,"28":2,"29":1,"30":1,"31":0,"32":0,"33":0,"34":0,"35":8,"36":0,"37":8,"38":26,"39":26,"40":225,"41":225,"42":225,"43":196,"44":2,"45":24,"46":21,"47":8,"48":7,"49":7,"50":1,"51":5,"52":5,"53":5,"54":5,"55":3,"56":2,"57":2,"58":2,"59":2,"60":1,"61":5,"62":5,"63":4,"64":1,"65":0,"66":1,"67":1,"68":10,"69":2},"f":{"0":10,"1":12,"2":11,"3":26,"4":21,"5":8,"6":5,"7":1,"8":1},"b":{"0":[0],"1":[1,11],"2":[12,12],"3":[3,8],"4":[2,6],"5":[8,8],"6":[1,7],"7":[21,0],"8":[10,1],"9":[0,10],"10":[2,24],"11":[1,0],"12":[0,0],"13":[0,8],"14":[8,8],"15":[196,29],"16":[225,223,223,196],"17":[2,194],"18":[7,1],"19":[3,2],"20":[2,0],"21":[4,1],"22":[0,1]},"_coverageSchema":"1a1c01bbd47fc00a2c39e90264f33305004495a9","hash":"d210bd28e832c6d45668ba1db5354c3106de612b"}
,"/home/jbergner/Desktop/TOP/TOP-Battleship/src/htmlHandler.js": {"path":"/home/jbergner/Desktop/TOP/TOP-Battleship/src/htmlHandler.js","statementMap":{"0":{"start":{"line":2,"column":24},"end":{"line":2,"column":26}},"1":{"start":{"line":3,"column":24},"end":{"line":3,"column":26}},"2":{"start":{"line":6,"column":26},"end":{"line":6,"column":59}},"3":{"start":{"line":7,"column":26},"end":{"line":7,"column":63}},"4":{"start":{"line":8,"column":8},"end":{"line":19,"column":9}},"5":{"start":{"line":8,"column":21},"end":{"line":8,"column":22}},"6":{"start":{"line":9,"column":28},"end":{"line":9,"column":57}},"7":{"start":{"line":10,"column":12},"end":{"line":10,"column":45}},"8":{"start":{"line":11,"column":12},"end":{"line":17,"column":13}},"9":{"start":{"line":11,"column":25},"end":{"line":11,"column":26}},"10":{"start":{"line":12,"column":33},"end":{"line":12,"column":62}},"11":{"start":{"line":13,"column":16},"end":{"line":13,"column":51}},"12":{"start":{"line":14,"column":16},"end":{"line":14,"column":51}},"13":{"start":{"line":16,"column":16},"end":{"line":16,"column":46}},"14":{"start":{"line":18,"column":12},"end":{"line":18,"column":43}},"15":{"start":{"line":20,"column":8},"end":{"line":20,"column":30}},"16":{"start":{"line":21,"column":8},"end":{"line":21,"column":24}},"17":{"start":{"line":24,"column":4},"end":{"line":26,"column":5}},"18":{"start":{"line":29,"column":0},"end":{"line":29,"column":29}}},"fnMap":{"0":{"name":"htmlHandler","decl":{"start":{"line":1,"column":9},"end":{"line":1,"column":20}},"loc":{"start":{"line":1,"column":23},"end":{"line":27,"column":1}},"line":1},"1":{"name":"initGameField","decl":{"start":{"line":5,"column":13},"end":{"line":5,"column":26}},"loc":{"start":{"line":5,"column":37},"end":{"line":22,"column":5}},"line":5}},"branchMap":{},"s":{"0":1,"1":1,"2":1,"3":1,"4":1,"5":1,"6":10,"7":10,"8":10,"9":10,"10":100,"11":100,"12":100,"13":100,"14":10,"15":1,"16":1,"17":1,"18":1},"f":{"0":1,"1":1},"b":{},"_coverageSchema":"1a1c01bbd47fc00a2c39e90264f33305004495a9","hash":"d22d5a2bcc5ab8793e93a704e11bb7c96333ec27"}
,"/home/jbergner/Desktop/TOP/TOP-Battleship/src/player.js": {"path":"/home/jbergner/Desktop/TOP/TOP-Battleship/src/player.js","statementMap":{"0":{"start":{"line":1,"column":18},"end":{"line":1,"column":40}},"1":{"start":{"line":5,"column":8},"end":{"line":5,"column":25}},"2":{"start":{"line":6,"column":8},"end":{"line":6,"column":30}},"3":{"start":{"line":7,"column":8},"end":{"line":7,"column":37}},"4":{"start":{"line":11,"column":8},"end":{"line":11,"column":28}},"5":{"start":{"line":15,"column":8},"end":{"line":15,"column":44}},"6":{"start":{"line":19,"column":0},"end":{"line":19,"column":24}}},"fnMap":{"0":{"name":"(anonymous_0)","decl":{"start":{"line":4,"column":4},"end":{"line":4,"column":5}},"loc":{"start":{"line":4,"column":37},"end":{"line":8,"column":5}},"line":4},"1":{"name":"(anonymous_1)","decl":{"start":{"line":10,"column":4},"end":{"line":10,"column":5}},"loc":{"start":{"line":10,"column":12},"end":{"line":12,"column":5}},"line":10},"2":{"name":"(anonymous_2)","decl":{"start":{"line":14,"column":4},"end":{"line":14,"column":5}},"loc":{"start":{"line":14,"column":19},"end":{"line":16,"column":5}},"line":14}},"branchMap":{"0":{"loc":{"start":{"line":4,"column":22},"end":{"line":4,"column":35}},"type":"default-arg","locations":[{"start":{"line":4,"column":30},"end":{"line":4,"column":35}}],"line":4}},"s":{"0":1,"1":3,"2":3,"3":3,"4":1,"5":1,"6":1},"f":{"0":3,"1":1,"2":1},"b":{"0":[1]},"_coverageSchema":"1a1c01bbd47fc00a2c39e90264f33305004495a9","hash":"b18884504105d234997348267adf92fe8a01bea0"}
,"/home/jbergner/Desktop/TOP/TOP-Battleship/src/ship.js": {"path":"/home/jbergner/Desktop/TOP/TOP-Battleship/src/ship.js","statementMap":{"0":{"start":{"line":3,"column":8},"end":{"line":3,"column":29}},"1":{"start":{"line":4,"column":8},"end":{"line":4,"column":25}},"2":{"start":{"line":8,"column":8},"end":{"line":8,"column":20}},"3":{"start":{"line":12,"column":8},"end":{"line":12,"column":54}},"4":{"start":{"line":16,"column":0},"end":{"line":16,"column":22}}},"fnMap":{"0":{"name":"(anonymous_0)","decl":{"start":{"line":2,"column":4},"end":{"line":2,"column":5}},"loc":{"start":{"line":2,"column":34},"end":{"line":5,"column":5}},"line":2},"1":{"name":"(anonymous_1)","decl":{"start":{"line":7,"column":4},"end":{"line":7,"column":5}},"loc":{"start":{"line":7,"column":10},"end":{"line":9,"column":5}},"line":7},"2":{"name":"(anonymous_2)","decl":{"start":{"line":11,"column":4},"end":{"line":11,"column":5}},"loc":{"start":{"line":11,"column":13},"end":{"line":13,"column":5}},"line":11}},"branchMap":{"0":{"loc":{"start":{"line":2,"column":24},"end":{"line":2,"column":32}},"type":"default-arg","locations":[{"start":{"line":2,"column":31},"end":{"line":2,"column":32}}],"line":2},"1":{"loc":{"start":{"line":12,"column":15},"end":{"line":12,"column":54}},"type":"cond-expr","locations":[{"start":{"line":12,"column":42},"end":{"line":12,"column":46}},{"start":{"line":12,"column":49},"end":{"line":12,"column":54}}],"line":12}},"s":{"0":10,"1":10,"2":5,"3":3,"4":3},"f":{"0":10,"1":5,"2":3},"b":{"0":[10],"1":[1,2]},"_coverageSchema":"1a1c01bbd47fc00a2c39e90264f33305004495a9","hash":"9a73a690b8358e40edb3720ab371cdf1430aeb2e"}
}
