TN:
SF:src/gameState.js
FN:4,gameState
FN:27,switchTurn
FN:41,getActivePlayer
FN:45,getInactivePlayer
FN:49,getActivePlayerId
FN:53,getInactivePlayerId
FN:57,getPlayerList
FN:61,placeShip
FN:83,autoPlaceShips
FN:104,checkPlaceShipsState
FN:114,getGameState
FN:118,attackMove
FNF:12
FNH:9
FNDA:9,gameState
FNDA:6,switchTurn
FNDA:5,getActivePlayer
FNDA:7,getInactivePlayer
FNDA:1,getActivePlayerId
FNDA:0,getInactivePlayerId
FNDA:1,getPlayerList
FNDA:0,placeShip
FNDA:1,autoPlaceShips
FNDA:0,checkPlaceShipsState
FNDA:2,getGameState
FNDA:5,attackMove
DA:1,1
DA:2,1
DA:5,9
DA:12,9
DA:14,9
DA:15,9
DA:17,9
DA:19,9
DA:21,9
DA:24,9
DA:28,6
DA:31,6
DA:32,6
DA:33,6
DA:34,30
DA:35,26
DA:42,5
DA:46,7
DA:50,1
DA:54,0
DA:58,1
DA:63,0
DA:64,0
DA:65,0
DA:66,0
DA:67,0
DA:68,0
DA:70,0
DA:71,0
DA:72,0
DA:73,0
DA:74,0
DA:77,0
DA:84,1
DA:85,1
DA:86,1
DA:89,1
DA:90,5
DA:92,1
DA:94,1
DA:95,5
DA:98,1
DA:100,0
DA:106,0
DA:107,0
DA:108,0
DA:111,0
DA:115,2
DA:119,5
DA:120,5
DA:122,5
DA:123,5
DA:124,1
DA:125,1
DA:126,1
DA:128,4
DA:131,4
DA:134,9
DA:149,1
LF:59
LH:41
BRDA:28,0,0,4
BRDA:28,0,1,2
BRDA:31,1,0,6
BRDA:31,1,1,0
BRDA:34,2,0,26
BRDA:34,2,1,4
BRDA:46,3,0,4
BRDA:46,3,1,3
BRDA:50,4,0,1
BRDA:50,4,1,0
BRDA:54,5,0,0
BRDA:54,5,1,0
BRDA:65,6,0,0
BRDA:65,6,1,0
BRDA:66,7,0,0
BRDA:66,7,1,0
BRDA:70,8,0,0
BRDA:70,8,1,0
BRDA:72,9,0,0
BRDA:72,9,1,0
BRDA:84,10,0,1
BRDA:84,10,1,0
BRDA:107,11,0,0
BRDA:107,11,1,0
BRDA:122,12,0,5
BRDA:122,12,1,0
BRDA:123,13,0,1
BRDA:123,13,1,4
BRF:28
BRH:12
end_of_record
TN:
SF:src/gameboard.js
FN:4,gameboard
FN:23,(anonymous_1)
FN:26,getLengthOfShip
FN:34,placeShip
FN:67,shipPositionValidator
FN:98,checkGameField
FN:118,placeMarker
FN:122,storeShip
FN:131,receiveAttack
FN:155,isOver
FN:170,getGameBoard
FN:174,getShips
FN:178,checkIfAllShipsPlaced
FNF:13
FNH:13
FNDA:29,gameboard
FNDA:290,(anonymous_1)
FNDA:26,getLengthOfShip
FNDA:29,placeShip
FNDA:28,shipPositionValidator
FNDA:83,checkGameField
FNDA:78,placeMarker
FNDA:25,storeShip
FNDA:10,receiveAttack
FNDA:7,isOver
FNDA:1,getGameBoard
FNDA:6,getShips
FNDA:2,checkIfAllShipsPlaced
DA:1,3
DA:2,3
DA:5,29
DA:6,29
DA:7,29
DA:15,29
DA:23,290
DA:24,29
DA:27,26
DA:28,82
DA:29,26
DA:35,29
DA:36,1
DA:39,28
DA:40,3
DA:45,25
DA:46,25
DA:48,25
DA:49,5
DA:52,25
DA:53,1
DA:56,24
DA:57,78
DA:58,55
DA:60,23
DA:64,24
DA:68,28
DA:69,20
DA:70,0
DA:71,0
DA:73,20
DA:74,60
DA:75,2
DA:76,2
DA:80,8
DA:81,1
DA:82,1
DA:84,7
DA:85,23
DA:86,0
DA:87,0
DA:90,25
DA:91,0
DA:92,0
DA:95,25
DA:99,83
DA:104,83
DA:105,739
DA:106,739
DA:107,739
DA:108,669
DA:109,2
DA:115,81
DA:119,78
DA:123,25
DA:124,24
DA:126,24
DA:128,1
DA:132,10
DA:133,10
DA:135,10
DA:136,10
DA:137,1
DA:138,1
DA:140,9
DA:141,9
DA:142,9
DA:143,9
DA:144,9
DA:145,2
DA:148,0
DA:149,0
DA:152,9
DA:156,7
DA:157,20
DA:159,20
DA:160,13
DA:162,7
DA:163,5
DA:167,2
DA:171,1
DA:175,6
DA:179,2
DA:180,9
DA:181,9
DA:182,1
DA:185,1
DA:188,29
DA:199,3
LF:89
LH:81
BRDA:28,0,0,26
BRDA:28,0,1,56
BRDA:34,1,0,2
BRDA:35,2,0,1
BRDA:35,2,1,28
BRDA:35,3,0,29
BRDA:35,3,1,29
BRDA:39,4,0,3
BRDA:39,4,1,25
BRDA:48,5,0,5
BRDA:48,5,1,20
BRDA:48,6,0,25
BRDA:48,6,1,16
BRDA:52,7,0,1
BRDA:52,7,1,24
BRDA:57,8,0,55
BRDA:57,8,1,23
BRDA:68,9,0,20
BRDA:68,9,1,8
BRDA:69,10,0,0
BRDA:69,10,1,20
BRDA:74,11,0,2
BRDA:74,11,1,58
BRDA:80,12,0,1
BRDA:80,12,1,7
BRDA:85,13,0,0
BRDA:85,13,1,23
BRDA:90,14,0,0
BRDA:90,14,1,25
BRDA:90,15,0,25
BRDA:90,15,1,25
BRDA:107,16,0,669
BRDA:107,16,1,70
BRDA:107,17,0,739
BRDA:107,17,1,737
BRDA:107,17,2,722
BRDA:107,17,3,669
BRDA:108,18,0,2
BRDA:108,18,1,667
BRDA:123,19,0,24
BRDA:123,19,1,1
BRDA:136,20,0,1
BRDA:136,20,1,9
BRDA:140,21,0,9
BRDA:140,21,1,0
BRDA:144,22,0,2
BRDA:144,22,1,7
BRDA:159,23,0,13
BRDA:159,23,1,7
BRDA:162,24,0,5
BRDA:162,24,1,2
BRDA:181,25,0,1
BRDA:181,25,1,8
BRF:53
BRH:49
end_of_record
TN:
SF:src/htmlHandler.js
FN:1,htmlHandler
FN:5,initGameField
FN:24,updateGameField
FN:36,updateEntireField
FN:41,displayEnemyField
FN:64,displayActivePlayerField
FN:83,updateActivePlayerBanner
FN:94,updateStateInfo
FN:99,updateActivePlayer
FN:109,displayPlayerShips
FN:138,displayGameAction
FN:143,displayGameState
FNF:12
FNH:3
FNDA:39,htmlHandler
FNDA:1,initGameField
FNDA:0,updateGameField
FNDA:0,updateEntireField
FNDA:0,displayEnemyField
FNDA:0,displayActivePlayerField
FNDA:0,updateActivePlayerBanner
FNDA:0,updateStateInfo
FNDA:0,updateActivePlayer
FNDA:0,displayPlayerShips
FNDA:0,displayGameAction
FNDA:41,displayGameState
DA:2,39
DA:3,39
DA:6,1
DA:7,1
DA:8,1
DA:9,10
DA:10,10
DA:11,10
DA:12,100
DA:13,100
DA:14,100
DA:16,100
DA:18,10
DA:21,1
DA:25,0
DA:26,0
DA:27,0
DA:28,0
DA:31,0
DA:32,0
DA:37,0
DA:38,0
DA:42,0
DA:43,0
DA:44,0
DA:45,0
DA:46,0
DA:47,0
DA:48,0
DA:49,0
DA:50,0
DA:51,0
DA:52,0
DA:53,0
DA:54,0
DA:55,0
DA:56,0
DA:65,0
DA:66,0
DA:67,0
DA:68,0
DA:69,0
DA:70,0
DA:71,0
DA:72,0
DA:73,0
DA:74,0
DA:75,0
DA:76,0
DA:77,0
DA:84,0
DA:85,0
DA:86,0
DA:87,0
DA:88,0
DA:89,0
DA:90,0
DA:91,0
DA:95,0
DA:96,0
DA:100,0
DA:101,0
DA:102,0
DA:103,0
DA:105,0
DA:106,0
DA:110,0
DA:111,0
DA:112,0
DA:113,0
DA:114,0
DA:115,0
DA:116,0
DA:117,0
DA:120,0
DA:121,0
DA:122,0
DA:123,0
DA:124,0
DA:125,0
DA:126,0
DA:127,0
DA:128,0
DA:129,0
DA:131,0
DA:133,0
DA:134,0
DA:139,0
DA:140,0
DA:144,41
DA:145,41
DA:148,39
DA:161,4
LF:93
LH:18
BRDA:31,0,0,0
BRDA:31,0,1,0
BRDA:44,1,0,0
BRDA:44,1,1,0
BRDA:50,2,0,0
BRDA:50,2,1,0
BRDA:53,3,0,0
BRDA:53,3,1,0
BRDA:55,4,0,0
BRDA:55,4,1,0
BRDA:71,5,0,0
BRDA:71,5,1,0
BRDA:74,6,0,0
BRDA:74,6,1,0
BRDA:76,7,0,0
BRDA:76,7,1,0
BRDA:90,8,0,0
BRDA:90,8,1,0
BRDA:105,9,0,0
BRDA:105,9,1,0
BRDA:116,10,0,0
BRDA:116,10,1,0
BRDA:128,11,0,0
BRDA:128,11,1,0
BRF:24
BRH:0
end_of_record
TN:
SF:src/infoLogger.js
FN:3,infoLogger
FN:6,updateGameAction
FN:10,updateGameState
FN:14,updateActivePlayer
FN:18,updateState
FN:22,emptyLogger
FNF:6
FNH:2
FNDA:38,infoLogger
FNDA:0,updateGameAction
FNDA:41,updateGameState
FNDA:0,updateActivePlayer
FNDA:0,updateState
FNDA:0,emptyLogger
DA:1,3
DA:4,38
DA:7,0
DA:11,41
DA:15,0
DA:19,0
DA:23,0
DA:24,0
DA:27,38
DA:36,3
LF:10
LH:5
BRF:0
BRH:0
end_of_record
TN:
SF:src/player.js
FN:4,(anonymous_0)
FN:10,(anonymous_1)
FN:14,(anonymous_2)
FNF:3
FNH:3
FNDA:21,(anonymous_0)
FNDA:1,(anonymous_1)
FNDA:1,(anonymous_2)
DA:1,2
DA:5,21
DA:6,21
DA:7,21
DA:11,1
DA:15,1
DA:19,2
LF:7
LH:7
BRDA:4,0,0,19
BRF:1
BRH:1
end_of_record
TN:
SF:src/ship.js
FN:2,(anonymous_0)
FN:7,(anonymous_1)
FN:11,(anonymous_2)
FN:15,(anonymous_3)
FNF:4
FNH:3
FNDA:27,(anonymous_0)
FNDA:12,(anonymous_1)
FNDA:18,(anonymous_2)
FNDA:0,(anonymous_3)
DA:3,27
DA:4,27
DA:8,12
DA:12,18
DA:16,0
DA:20,4
LF:6
LH:5
BRDA:2,0,0,27
BRDA:12,1,0,5
BRDA:12,1,1,13
BRF:3
BRH:3
end_of_record
