TN:
SF:src/gameboard.js
FN:3,gameboard
FN:15,placeShip
FN:38,shipPositionValidator
FN:64,checkGameField
FN:84,placeMarker
FNF:5
FNH:5
FNDA:3,gameboard
FNDA:5,placeShip
FNDA:4,shipPositionValidator
FNDA:7,checkGameField
FNDA:6,placeMarker
DA:1,1
DA:4,3
DA:5,3
DA:6,3
DA:12,3
DA:16,5
DA:17,1
DA:20,4
DA:21,2
DA:25,2
DA:26,6
DA:27,6
DA:29,0
DA:32,2
DA:33,2
DA:34,2
DA:35,2
DA:39,4
DA:40,3
DA:41,0
DA:43,3
DA:44,7
DA:45,1
DA:49,1
DA:50,1
DA:52,0
DA:53,0
DA:54,0
DA:57,2
DA:58,0
DA:61,2
DA:65,7
DA:70,7
DA:71,59
DA:72,59
DA:73,59
DA:74,57
DA:75,1
DA:81,6
DA:85,6
DA:88,3
DA:93,1
LF:42
LH:36
BRDA:15,0,0,0
BRDA:16,1,0,1
BRDA:16,1,1,4
BRDA:20,2,0,2
BRDA:20,2,1,2
BRDA:26,3,0,6
BRDA:26,3,1,0
BRDA:39,4,0,3
BRDA:39,4,1,1
BRDA:40,5,0,0
BRDA:40,5,1,3
BRDA:44,6,0,1
BRDA:44,6,1,6
BRDA:49,7,0,1
BRDA:49,7,1,0
BRDA:53,8,0,0
BRDA:53,8,1,0
BRDA:57,9,0,0
BRDA:57,9,1,2
BRDA:57,10,0,2
BRDA:57,10,1,2
BRDA:73,11,0,57
BRDA:73,11,1,2
BRDA:73,12,0,59
BRDA:73,12,1,57
BRDA:73,12,2,57
BRDA:73,12,3,57
BRDA:74,13,0,1
BRDA:74,13,1,56
BRF:29
BRH:22
end_of_record
TN:
SF:src/ship.js
FN:2,(anonymous_0)
FN:7,(anonymous_1)
FN:11,(anonymous_2)
FNF:3
FNH:3
FNDA:4,(anonymous_0)
FNDA:3,(anonymous_1)
FNDA:2,(anonymous_2)
DA:3,4
DA:4,4
DA:8,3
DA:12,2
DA:16,2
LF:5
LH:5
BRDA:2,0,0,4
BRDA:12,1,0,1
BRDA:12,1,1,1
BRF:3
BRH:3
end_of_record
